<?xml version="1.0" encoding="UTF-8"?>
<!-- Generated by org.testng.reporters.JUnitXMLReporter -->
<testsuite hostname="YSR" ignored="0" name="Default test" tests="4" failures="1" timestamp="22 Jul 2018 07:17:20 GMT" time="18.146" errors="0">
  <testcase name="launch" time="11.147" classname="dady.NewTest1"/>
  <testcase name="validate" time="4.543" classname="dady.NewTest1"/>
  <testcase name="login" time="0.0" classname="dady.NewTest1">
    <failure type="org.testng.TestNGException" message="
Parameter &amp;apos;ud&amp;apos; is required by @Test on method login but has not been marked @Optional or defined
in C:\Users\sivaram\AppData\Local\Temp\testng-eclipse--1601888201\testng-customsuite.xml">
      <![CDATA[org.testng.TestNGException: 
Parameter 'ud' is required by @Test on method login but has not been marked @Optional or defined
in C:\Users\sivaram\AppData\Local\Temp\testng-eclipse--1601888201\testng-customsuite.xml
at org.testng.internal.Parameters.createParams(Parameters.java:290)
at org.testng.internal.Parameters.createParametersForMethod(Parameters.java:359)
at org.testng.internal.Parameters.createParameters(Parameters.java:620)
at org.testng.internal.Parameters.handleParameters(Parameters.java:769)
at org.testng.internal.ParameterHandler.handleParameters(ParameterHandler.java:49)
at org.testng.internal.ParameterHandler.createParameters(ParameterHandler.java:37)
at org.testng.internal.Invoker.invokeTestMethods(Invoker.java:923)
at org.testng.internal.TestMethodWorker.invokeTestMethods(TestMethodWorker.java:125)
at org.testng.internal.TestMethodWorker.run(TestMethodWorker.java:109)
at org.testng.TestRunner.privateRun(TestRunner.java:648)
at org.testng.TestRunner.run(TestRunner.java:505)
at org.testng.SuiteRunner.runTest(SuiteRunner.java:455)
at org.testng.SuiteRunner.runSequentially(SuiteRunner.java:450)
at org.testng.SuiteRunner.privateRun(SuiteRunner.java:415)
at org.testng.SuiteRunner.run(SuiteRunner.java:364)
at org.testng.SuiteRunnerWorker.runSuite(SuiteRunnerWorker.java:52)
at org.testng.SuiteRunnerWorker.run(SuiteRunnerWorker.java:84)
at org.testng.TestNG.runSuitesSequentially(TestNG.java:1208)
at org.testng.TestNG.runSuitesLocally(TestNG.java:1137)
at org.testng.TestNG.runSuites(TestNG.java:1049)
at org.testng.TestNG.run(TestNG.java:1017)
at org.testng.remote.AbstractRemoteTestNG.run(AbstractRemoteTestNG.java:114)
at org.testng.remote.RemoteTestNG.initAndRun(RemoteTestNG.java:251)
at org.testng.remote.RemoteTestNG.main(RemoteTestNG.java:77)
]]>
    </failure>
  </testcase> <!-- login -->
  <testcase name="login1" time="2.351" classname="dady.NewTest1"/>
</testsuite> <!-- Default test -->
